[19-Nov-2020 12:10:28] NOTICE: fpm is running, pid 7158
[19-Nov-2020 12:10:28] NOTICE: ready to handle connections
[19-Nov-2020 17:08:38] NOTICE: Terminating ...
[19-Nov-2020 17:08:38] NOTICE: Terminating ...
[19-Nov-2020 17:08:38] NOTICE: exiting, bye-bye!
[20-Nov-2020 12:10:27] NOTICE: fpm is running, pid 3068
[20-Nov-2020 12:10:27] NOTICE: ready to handle connections
[22-Nov-2020 11:52:52] NOTICE: Terminating ...
[22-Nov-2020 11:52:52] NOTICE: Terminating ...
[22-Nov-2020 11:52:52] NOTICE: exiting, bye-bye!
[22-Nov-2020 11:52:56] NOTICE: fpm is running, pid 9274
[22-Nov-2020 11:52:56] NOTICE: ready to handle connections
[24-Nov-2020 05:17:50] NOTICE: Terminating ...
[24-Nov-2020 05:17:50] NOTICE: Terminating ...
[24-Nov-2020 05:17:50] NOTICE: exiting, bye-bye!
[24-Nov-2020 17:51:12] NOTICE: fpm is running, pid 14021
[24-Nov-2020 17:51:12] NOTICE: ready to handle connections
[25-Nov-2020 14:01:16] NOTICE: Terminating ...
[25-Nov-2020 14:01:16] NOTICE: Terminating ...
[25-Nov-2020 14:01:16] NOTICE: exiting, bye-bye!
[25-Nov-2020 15:09:14] NOTICE: fpm is running, pid 20519
[25-Nov-2020 15:09:14] NOTICE: ready to handle connections
[29-Nov-2020 20:09:19] NOTICE: Terminating ...
[29-Nov-2020 20:09:19] NOTICE: Terminating ...
[29-Nov-2020 20:09:19] NOTICE: exiting, bye-bye!
[30-Nov-2020 13:39:01] NOTICE: fpm is running, pid 3433
[30-Nov-2020 13:39:01] NOTICE: ready to handle connections
[04-Dec-2020 11:25:26] NOTICE: Terminating ...
[04-Dec-2020 11:25:26] NOTICE: Terminating ...
[04-Dec-2020 11:25:26] NOTICE: exiting, bye-bye!
[04-Dec-2020 11:33:22] NOTICE: fpm is running, pid 8454
[04-Dec-2020 11:33:22] NOTICE: ready to handle connections
